<?xml version="1.0" encoding="UTF-8"?>
<Site BuildName="(empty)"
	BuildStamp="20251112-2036-Experimental"
	Name="singularity"
	Generator="ctest-3.22.1"
	CompilerName="/usr/bin/g++"
	CompilerVersion="11.4.0"
	OSName="Linux"
	Hostname="singularity"
	OSRelease="6.8.0-87-generic"
	OSVersion="#88~22.04.1-Ubuntu SMP PREEMPT_DYNAMIC Tue Oct 14 14:03:14 UTC 2"
	OSPlatform="x86_64"
	Is64Bits="1"
	VendorString="GenuineIntel"
	VendorID="Intel Corporation"
	FamilyID="6"
	ModelID="154"
	ProcessorCacheSize="18432"
	NumberOfLogicalCPU="16"
	NumberOfPhysicalCPU="12"
	TotalVirtualMemory="0"
	TotalPhysicalMemory="15676"
	LogicalProcessorsPerPhysical="1"
	ProcessorClockFrequency="400.312"
	>
	<Testing>
		<StartDateTime>Nov 12 21:36 CET</StartDateTime>
		<StartTestTime>1762979802</StartTestTime>
		<TestList/>
		<EndDateTime>Nov 12 21:36 CET</EndDateTime>
		<EndTestTime>1762979802</EndTestTime>
		<ElapsedMinutes>0</ElapsedMinutes>
	</Testing>
</Site>
